<?xml version="1.0" encoding="UTF-8"?>
<!-- Generated by org.testng.reporters.JUnitXMLReporter -->
<testsuite ignored="0" hostname="DESKTOP-5OSSNT7" failures="0" tests="3" name="EdgeTest" time="9.416" errors="0" timestamp="2022-10-06T09:43:47 IST">
  <testcase classname="testengine.BasicAssertion2usingbrowser" name="@BeforeMethod beforemethod" time="9.31">
    <failure type="java.lang.NullPointerException" message="Cannot invoke &amp;quot;org.openqa.selenium.WebDriver.get(String)&amp;quot; because &amp;quot;this.driver&amp;quot; is null">
      <![CDATA[java.lang.NullPointerException: Cannot invoke "org.openqa.selenium.WebDriver.get(String)" because "this.driver" is null
at testengine.BasicAssertion2usingbrowser.beforemethod(BasicAssertion2usingbrowser.java:76)
at java.base/java.util.ArrayList.forEach(ArrayList.java:1511)
... Removed 31 stack frames]]>
    </failure>
  </testcase> <!-- @BeforeMethod beforemethod -->
  <testcase classname="testengine.BasicAssertion2usingbrowser" name="@AfterMethod aftermethod" time="-1.665029627507E9">
    <skipped/>
  </testcase> <!-- @AfterMethod aftermethod -->
  <testcase classname="testengine.BasicAssertion2usingbrowser" name="@BeforeMethod beforemethod" time="-1.665029627516E9">
    <skipped/>
  </testcase> <!-- @BeforeMethod beforemethod -->
  <testcase classname="testengine.BasicAssertion2usingbrowser" name="@AfterMethod aftermethod" time="-1.665029627534E9">
    <skipped/>
  </testcase> <!-- @AfterMethod aftermethod -->
  <testcase classname="testengine.BasicAssertion2usingbrowser" name="@BeforeMethod beforemethod" time="-1.665029627543E9">
    <skipped/>
  </testcase> <!-- @BeforeMethod beforemethod -->
  <testcase classname="testengine.BasicAssertion2usingbrowser" name="@AfterMethod aftermethod" time="-1.665029627564E9">
    <skipped/>
  </testcase> <!-- @AfterMethod aftermethod -->
  <testcase classname="testengine.BasicAssertion2usingbrowser" name="loginButtonBgColorValidation" time="0.0">
    <skipped/>
  </testcase> <!-- loginButtonBgColorValidation -->
  <testcase classname="testengine.BasicAssertion2usingbrowser" name="loginButtonTextValidation" time="0.0">
    <skipped/>
  </testcase> <!-- loginButtonTextValidation -->
  <testcase classname="testengine.BasicAssertion2usingbrowser" name="remembermeCheckBoxValidation" time="0.0">
    <skipped/>
  </testcase> <!-- remembermeCheckBoxValidation -->
</testsuite> <!-- EdgeTest -->
